2018-07-08 01:39:02.726  INFO 29216 --- [restartedMain] c.s.t.TextmanagementApplication          : Starting TextmanagementApplication on LAPTOP-LF6RUTI6 with PID 29216 (D:\IdeaProjects\TextManagement\target\classes started by 17140 in D:\IdeaProjects\TextManagement)
2018-07-08 01:39:02.731  INFO 29216 --- [restartedMain] c.s.t.TextmanagementApplication          : No active profile set, falling back to default profiles: default
2018-07-08 01:39:02.814  INFO 29216 --- [restartedMain] ConfigServletWebServerApplicationContext : Refreshing org.springframework.boot.web.servlet.context.AnnotationConfigServletWebServerApplicationContext@154e7a05: startup date [Sun Jul 08 01:39:02 GMT+08:00 2018]; root of context hierarchy
2018-07-08 01:39:05.123  INFO 29216 --- [restartedMain] o.s.b.w.embedded.tomcat.TomcatWebServer  : Tomcat initialized with port(s): 8080 (http)
2018-07-08 01:39:05.152  INFO 29216 --- [restartedMain] o.apache.catalina.core.StandardService   : Starting service [Tomcat]
2018-07-08 01:39:05.152  INFO 29216 --- [restartedMain] org.apache.catalina.core.StandardEngine  : Starting Servlet Engine: Apache Tomcat/8.5.31
2018-07-08 01:39:05.158  INFO 29216 --- [localhost-startStop-1] o.a.catalina.core.AprLifecycleListener   : The APR based Apache Tomcat Native library which allows optimal performance in production environments was not found on the java.library.path: [D:\Program Files\Java\jdk-10.0.1\bin;C:\Windows\Sun\Java\bin;C:\Windows\system32;C:\Windows;C:\Program Files (x86)\Common Files\Oracle\Java\javapath;D:\Users\17140\AppData\Local\Programs\Python\Python36-32\Scripts\;D:\Users\17140\AppData\Local\Programs\Python\Python36-32\;C:\Program Files (x86)\Intel\iCLS Client\;C:\ProgramData\Oracle\Java\javapath;C:\Program Files\Intel\iCLS Client\;C:\Windows\system32;C:\Windows;C:\Windows\System32\Wbem;C:\Windows\System32\WindowsPowerShell\v1.0\;C:\Program Files\Intel\WiFi\bin\;C:\Program Files\Common Files\Intel\WirelessCommon\;C:\Windows\System32\OpenSSH\;C:\Program Files (x86)\Intel\Intel(R) Management Engine Components\DAL;C:\Program Files\Intel\Intel(R) Management Engine Components\DAL;C:\Program Files (x86)\Intel\Intel(R) Management Engine Components\IPT;C:\Program Files\Intel\Intel(R) Management Engine Components\IPT;D:\Program Files\Git\cmd;C:\Users\17140\AppData\Local\Microsoft\WindowsApps;;.]
2018-07-08 01:39:05.299  INFO 29216 --- [localhost-startStop-1] o.a.c.c.C.[Tomcat].[localhost].[/]       : Initializing Spring embedded WebApplicationContext
2018-07-08 01:39:05.299  INFO 29216 --- [localhost-startStop-1] o.s.web.context.ContextLoader            : Root WebApplicationContext: initialization completed in 2485 ms
2018-07-08 01:39:05.421  INFO 29216 --- [localhost-startStop-1] o.s.b.w.servlet.ServletRegistrationBean  : Servlet dispatcherServlet mapped to [/]
2018-07-08 01:39:05.426  INFO 29216 --- [localhost-startStop-1] o.s.b.w.servlet.FilterRegistrationBean   : Mapping filter: 'characterEncodingFilter' to: [/*]
2018-07-08 01:39:05.427  INFO 29216 --- [localhost-startStop-1] o.s.b.w.servlet.FilterRegistrationBean   : Mapping filter: 'hiddenHttpMethodFilter' to: [/*]
2018-07-08 01:39:05.427  INFO 29216 --- [localhost-startStop-1] o.s.b.w.servlet.FilterRegistrationBean   : Mapping filter: 'httpPutFormContentFilter' to: [/*]
2018-07-08 01:39:05.427  INFO 29216 --- [localhost-startStop-1] o.s.b.w.servlet.FilterRegistrationBean   : Mapping filter: 'requestContextFilter' to: [/*]
2018-07-08 01:39:05.697  INFO 29216 --- [restartedMain] o.s.w.s.handler.SimpleUrlHandlerMapping  : Mapped URL path [/**/favicon.ico] onto handler of type [class org.springframework.web.servlet.resource.ResourceHttpRequestHandler]
2018-07-08 01:39:05.920  INFO 29216 --- [restartedMain] s.w.s.m.m.a.RequestMappingHandlerAdapter : Looking for @ControllerAdvice: org.springframework.boot.web.servlet.context.AnnotationConfigServletWebServerApplicationContext@154e7a05: startup date [Sun Jul 08 01:39:02 GMT+08:00 2018]; root of context hierarchy
2018-07-08 01:39:05.963  INFO 29216 --- [restartedMain] s.w.s.m.m.a.RequestMappingHandlerMapping : Mapped "{[/Admin]}" onto public java.lang.String com.slsnotfound.textmanagement.Controller.AdminController.index(org.springframework.ui.ModelMap,javax.servlet.http.HttpSession)
2018-07-08 01:39:05.967  INFO 29216 --- [restartedMain] s.w.s.m.m.a.RequestMappingHandlerMapping : Mapped "{[/user/InforMaintain],methods=[GET]}" onto public java.lang.String com.slsnotfound.textmanagement.Controller.InforMaintainController.login()
2018-07-08 01:39:05.969  INFO 29216 --- [restartedMain] s.w.s.m.m.a.RequestMappingHandlerMapping : Mapped "{[/user/Login],methods=[GET]}" onto public java.lang.String com.slsnotfound.textmanagement.Controller.LoginController.login()
2018-07-08 01:39:05.969  INFO 29216 --- [restartedMain] s.w.s.m.m.a.RequestMappingHandlerMapping : Mapped "{[/user/Login],methods=[POST]}" onto public java.lang.String com.slsnotfound.textmanagement.Controller.LoginController.loginAction(org.springframework.ui.ModelMap,javax.servlet.http.HttpSession,java.lang.String,java.lang.String)
2018-07-08 01:39:05.969  INFO 29216 --- [restartedMain] s.w.s.m.m.a.RequestMappingHandlerMapping : Mapped "{[/user/ProposalDatail],methods=[GET]}" onto public java.lang.String com.slsnotfound.textmanagement.Controller.ProposalDetail.login()
2018-07-08 01:39:05.970  INFO 29216 --- [restartedMain] s.w.s.m.m.a.RequestMappingHandlerMapping : Mapped "{[/user/ProposalPreparation],methods=[GET]}" onto public java.lang.String com.slsnotfound.textmanagement.Controller.ProposalPreparationController.login()
2018-07-08 01:39:05.970  INFO 29216 --- [restartedMain] s.w.s.m.m.a.RequestMappingHandlerMapping : Mapped "{[/user/ProposalQuary],methods=[GET]}" onto public java.lang.String com.slsnotfound.textmanagement.Controller.ProposalQuaryController.login()
2018-07-08 01:39:05.971  INFO 29216 --- [restartedMain] s.w.s.m.m.a.RequestMappingHandlerMapping : Mapped "{[/user/SignUp],methods=[GET]}" onto public java.lang.String com.slsnotfound.textmanagement.Controller.SignUpController.login()
2018-07-08 01:39:05.972  INFO 29216 --- [restartedMain] s.w.s.m.m.a.RequestMappingHandlerMapping : Mapped "{[/user/SignUp],methods=[POST]}" onto public java.lang.String com.slsnotfound.textmanagement.Controller.SignUpController.loginAction(org.springframework.ui.ModelMap,javax.servlet.http.HttpSession,java.lang.String,java.lang.String,java.lang.String,java.lang.String,java.lang.String,java.lang.String,java.lang.String,int,int)
2018-07-08 01:39:05.972  INFO 29216 --- [restartedMain] s.w.s.m.m.a.RequestMappingHandlerMapping : Mapped "{[/User]}" onto public java.lang.String com.slsnotfound.textmanagement.Controller.UserController.index(org.springframework.ui.ModelMap,javax.servlet.http.HttpSession)
2018-07-08 01:39:05.975  INFO 29216 --- [restartedMain] s.w.s.m.m.a.RequestMappingHandlerMapping : Mapped "{[/error]}" onto public org.springframework.http.ResponseEntity<java.util.Map<java.lang.String, java.lang.Object>> org.springframework.boot.autoconfigure.web.servlet.error.BasicErrorController.error(javax.servlet.http.HttpServletRequest)
2018-07-08 01:39:05.975  INFO 29216 --- [restartedMain] s.w.s.m.m.a.RequestMappingHandlerMapping : Mapped "{[/error],produces=[text/html]}" onto public org.springframework.web.servlet.ModelAndView org.springframework.boot.autoconfigure.web.servlet.error.BasicErrorController.errorHtml(javax.servlet.http.HttpServletRequest,javax.servlet.http.HttpServletResponse)
2018-07-08 01:39:05.996  INFO 29216 --- [restartedMain] o.s.w.s.handler.SimpleUrlHandlerMapping  : Mapped URL path [/webjars/**] onto handler of type [class org.springframework.web.servlet.resource.ResourceHttpRequestHandler]
2018-07-08 01:39:05.996  INFO 29216 --- [restartedMain] o.s.w.s.handler.SimpleUrlHandlerMapping  : Mapped URL path [/**] onto handler of type [class org.springframework.web.servlet.resource.ResourceHttpRequestHandler]
2018-07-08 01:39:06.282  INFO 29216 --- [restartedMain] o.s.b.d.a.OptionalLiveReloadServer       : LiveReload server is running on port 35729
2018-07-08 01:39:06.302  INFO 29216 --- [restartedMain] o.s.j.e.a.AnnotationMBeanExporter        : Registering beans for JMX exposure on startup
2018-07-08 01:39:06.308  INFO 29216 --- [restartedMain] o.s.j.e.a.AnnotationMBeanExporter        : Bean with name 'dataSource' has been autodetected for JMX exposure
2018-07-08 01:39:06.313  INFO 29216 --- [restartedMain] o.s.j.e.a.AnnotationMBeanExporter        : Located MBean 'dataSource': registering with JMX server as MBean [com.zaxxer.hikari:name=dataSource,type=HikariDataSource]
2018-07-08 01:39:06.342  INFO 29216 --- [restartedMain] o.s.b.w.embedded.tomcat.TomcatWebServer  : Tomcat started on port(s): 8080 (http) with context path ''
2018-07-08 01:39:06.348  INFO 29216 --- [restartedMain] c.s.t.TextmanagementApplication          : Started TextmanagementApplication in 4.194 seconds (JVM running for 5.892)
2018-07-08 01:39:31.811  INFO 29216 --- [http-nio-8080-exec-1] o.a.c.c.C.[Tomcat].[localhost].[/]       : Initializing Spring FrameworkServlet 'dispatcherServlet'
2018-07-08 01:39:31.812  INFO 29216 --- [http-nio-8080-exec-1] o.s.web.servlet.DispatcherServlet        : FrameworkServlet 'dispatcherServlet': initialization started
2018-07-08 01:39:31.832  INFO 29216 --- [http-nio-8080-exec-1] o.s.web.servlet.DispatcherServlet        : FrameworkServlet 'dispatcherServlet': initialization completed in 19 ms
2018-07-08 01:53:24.660  WARN 29216 --- [http-nio-8080-exec-4] o.a.c.util.SessionIdGeneratorBase        : Creation of SecureRandom instance for session ID generation using [SHA1PRNG] took [608] milliseconds.
2018-07-08 01:53:24.793  WARN 29216 --- [http-nio-8080-exec-4] .w.s.m.s.DefaultHandlerExceptionResolver : Failed to bind request element: org.springframework.web.method.annotation.MethodArgumentTypeMismatchException: Failed to convert value of type 'java.lang.String' to required type 'int'; nested exception is java.lang.NumberFormatException: For input string: "group2"
2018-07-08 01:53:24.794  WARN 29216 --- [http-nio-8080-exec-4] .w.s.m.s.DefaultHandlerExceptionResolver : Resolved exception caused by Handler execution: org.springframework.web.method.annotation.MethodArgumentTypeMismatchException: Failed to convert value of type 'java.lang.String' to required type 'int'; nested exception is java.lang.NumberFormatException: For input string: "group2"
2018-07-08 02:21:20.027  INFO 28372 --- [restartedMain] c.s.t.TextmanagementApplication          : Starting TextmanagementApplication on LAPTOP-LF6RUTI6 with PID 28372 (D:\IdeaProjects\TextManagement\target\classes started by 17140 in D:\IdeaProjects\TextManagement)
2018-07-08 02:21:20.032  INFO 28372 --- [restartedMain] c.s.t.TextmanagementApplication          : No active profile set, falling back to default profiles: default
2018-07-08 02:21:20.134  INFO 28372 --- [restartedMain] ConfigServletWebServerApplicationContext : Refreshing org.springframework.boot.web.servlet.context.AnnotationConfigServletWebServerApplicationContext@3487204f: startup date [Sun Jul 08 02:21:20 GMT+08:00 2018]; root of context hierarchy
2018-07-08 02:21:22.611  INFO 28372 --- [restartedMain] o.s.b.w.embedded.tomcat.TomcatWebServer  : Tomcat initialized with port(s): 8080 (http)
2018-07-08 02:21:22.638  INFO 28372 --- [restartedMain] o.apache.catalina.core.StandardService   : Starting service [Tomcat]
2018-07-08 02:21:22.638  INFO 28372 --- [restartedMain] org.apache.catalina.core.StandardEngine  : Starting Servlet Engine: Apache Tomcat/8.5.31
2018-07-08 02:21:22.645  INFO 28372 --- [localhost-startStop-1] o.a.catalina.core.AprLifecycleListener   : The APR based Apache Tomcat Native library which allows optimal performance in production environments was not found on the java.library.path: [D:\Program Files\Java\jdk-10.0.1\bin;C:\Windows\Sun\Java\bin;C:\Windows\system32;C:\Windows;C:\Program Files (x86)\Common Files\Oracle\Java\javapath;D:\Users\17140\AppData\Local\Programs\Python\Python36-32\Scripts\;D:\Users\17140\AppData\Local\Programs\Python\Python36-32\;C:\Program Files (x86)\Intel\iCLS Client\;C:\ProgramData\Oracle\Java\javapath;C:\Program Files\Intel\iCLS Client\;C:\Windows\system32;C:\Windows;C:\Windows\System32\Wbem;C:\Windows\System32\WindowsPowerShell\v1.0\;C:\Program Files\Intel\WiFi\bin\;C:\Program Files\Common Files\Intel\WirelessCommon\;C:\Windows\System32\OpenSSH\;C:\Program Files (x86)\Intel\Intel(R) Management Engine Components\DAL;C:\Program Files\Intel\Intel(R) Management Engine Components\DAL;C:\Program Files (x86)\Intel\Intel(R) Management Engine Components\IPT;C:\Program Files\Intel\Intel(R) Management Engine Components\IPT;D:\Program Files\Git\cmd;C:\Users\17140\AppData\Local\Microsoft\WindowsApps;;.]
2018-07-08 02:21:22.769  INFO 28372 --- [localhost-startStop-1] o.a.c.c.C.[Tomcat].[localhost].[/]       : Initializing Spring embedded WebApplicationContext
2018-07-08 02:21:22.769  INFO 28372 --- [localhost-startStop-1] o.s.web.context.ContextLoader            : Root WebApplicationContext: initialization completed in 2635 ms
2018-07-08 02:21:22.888  INFO 28372 --- [localhost-startStop-1] o.s.b.w.servlet.ServletRegistrationBean  : Servlet dispatcherServlet mapped to [/]
2018-07-08 02:21:22.895  INFO 28372 --- [localhost-startStop-1] o.s.b.w.servlet.FilterRegistrationBean   : Mapping filter: 'characterEncodingFilter' to: [/*]
2018-07-08 02:21:22.896  INFO 28372 --- [localhost-startStop-1] o.s.b.w.servlet.FilterRegistrationBean   : Mapping filter: 'hiddenHttpMethodFilter' to: [/*]
2018-07-08 02:21:22.896  INFO 28372 --- [localhost-startStop-1] o.s.b.w.servlet.FilterRegistrationBean   : Mapping filter: 'httpPutFormContentFilter' to: [/*]
2018-07-08 02:21:22.896  INFO 28372 --- [localhost-startStop-1] o.s.b.w.servlet.FilterRegistrationBean   : Mapping filter: 'requestContextFilter' to: [/*]
2018-07-08 02:21:23.215  INFO 28372 --- [restartedMain] o.s.w.s.handler.SimpleUrlHandlerMapping  : Mapped URL path [/**/favicon.ico] onto handler of type [class org.springframework.web.servlet.resource.ResourceHttpRequestHandler]
2018-07-08 02:21:23.450  INFO 28372 --- [restartedMain] s.w.s.m.m.a.RequestMappingHandlerAdapter : Looking for @ControllerAdvice: org.springframework.boot.web.servlet.context.AnnotationConfigServletWebServerApplicationContext@3487204f: startup date [Sun Jul 08 02:21:20 GMT+08:00 2018]; root of context hierarchy
2018-07-08 02:21:23.502  INFO 28372 --- [restartedMain] s.w.s.m.m.a.RequestMappingHandlerMapping : Mapped "{[/Admin]}" onto public java.lang.String com.slsnotfound.textmanagement.Controller.AdminController.index(org.springframework.ui.ModelMap,javax.servlet.http.HttpSession)
2018-07-08 02:21:23.505  INFO 28372 --- [restartedMain] s.w.s.m.m.a.RequestMappingHandlerMapping : Mapped "{[/user/InforMaintain],methods=[GET]}" onto public java.lang.String com.slsnotfound.textmanagement.Controller.InforMaintainController.login()
2018-07-08 02:21:23.506  INFO 28372 --- [restartedMain] s.w.s.m.m.a.RequestMappingHandlerMapping : Mapped "{[/user/Login],methods=[POST]}" onto public java.lang.String com.slsnotfound.textmanagement.Controller.LoginController.loginAction(org.springframework.ui.ModelMap,javax.servlet.http.HttpSession,java.lang.String,java.lang.String)
2018-07-08 02:21:23.506  INFO 28372 --- [restartedMain] s.w.s.m.m.a.RequestMappingHandlerMapping : Mapped "{[/user/Login],methods=[GET]}" onto public java.lang.String com.slsnotfound.textmanagement.Controller.LoginController.login()
2018-07-08 02:21:23.507  INFO 28372 --- [restartedMain] s.w.s.m.m.a.RequestMappingHandlerMapping : Mapped "{[/user/ProposalDatail],methods=[GET]}" onto public java.lang.String com.slsnotfound.textmanagement.Controller.ProposalDetail.login()
2018-07-08 02:21:23.507  INFO 28372 --- [restartedMain] s.w.s.m.m.a.RequestMappingHandlerMapping : Mapped "{[/user/ProposalPreparation],methods=[GET]}" onto public java.lang.String com.slsnotfound.textmanagement.Controller.ProposalPreparationController.login()
2018-07-08 02:21:23.507  INFO 28372 --- [restartedMain] s.w.s.m.m.a.RequestMappingHandlerMapping : Mapped "{[/user/ProposalQuary],methods=[GET]}" onto public java.lang.String com.slsnotfound.textmanagement.Controller.ProposalQuaryController.login()
2018-07-08 02:21:23.508  INFO 28372 --- [restartedMain] s.w.s.m.m.a.RequestMappingHandlerMapping : Mapped "{[/user/SignUp],methods=[POST]}" onto public java.lang.String com.slsnotfound.textmanagement.Controller.SignUpController.loginAction(org.springframework.ui.ModelMap,javax.servlet.http.HttpSession,java.lang.String,java.lang.String,java.lang.String,java.lang.String,java.lang.String,java.lang.String,java.lang.String,int,int)
2018-07-08 02:21:23.508  INFO 28372 --- [restartedMain] s.w.s.m.m.a.RequestMappingHandlerMapping : Mapped "{[/user/SignUp],methods=[GET]}" onto public java.lang.String com.slsnotfound.textmanagement.Controller.SignUpController.login()
2018-07-08 02:21:23.509  INFO 28372 --- [restartedMain] s.w.s.m.m.a.RequestMappingHandlerMapping : Mapped "{[/User]}" onto public java.lang.String com.slsnotfound.textmanagement.Controller.UserController.index(org.springframework.ui.ModelMap,javax.servlet.http.HttpSession)
2018-07-08 02:21:23.512  INFO 28372 --- [restartedMain] s.w.s.m.m.a.RequestMappingHandlerMapping : Mapped "{[/error]}" onto public org.springframework.http.ResponseEntity<java.util.Map<java.lang.String, java.lang.Object>> org.springframework.boot.autoconfigure.web.servlet.error.BasicErrorController.error(javax.servlet.http.HttpServletRequest)
2018-07-08 02:21:23.513  INFO 28372 --- [restartedMain] s.w.s.m.m.a.RequestMappingHandlerMapping : Mapped "{[/error],produces=[text/html]}" onto public org.springframework.web.servlet.ModelAndView org.springframework.boot.autoconfigure.web.servlet.error.BasicErrorController.errorHtml(javax.servlet.http.HttpServletRequest,javax.servlet.http.HttpServletResponse)
2018-07-08 02:21:23.541  INFO 28372 --- [restartedMain] o.s.w.s.handler.SimpleUrlHandlerMapping  : Mapped URL path [/webjars/**] onto handler of type [class org.springframework.web.servlet.resource.ResourceHttpRequestHandler]
2018-07-08 02:21:23.541  INFO 28372 --- [restartedMain] o.s.w.s.handler.SimpleUrlHandlerMapping  : Mapped URL path [/**] onto handler of type [class org.springframework.web.servlet.resource.ResourceHttpRequestHandler]
2018-07-08 02:21:23.842  INFO 28372 --- [restartedMain] o.s.b.d.a.OptionalLiveReloadServer       : LiveReload server is running on port 35729
2018-07-08 02:21:23.874  INFO 28372 --- [restartedMain] o.s.j.e.a.AnnotationMBeanExporter        : Registering beans for JMX exposure on startup
2018-07-08 02:21:23.881  INFO 28372 --- [restartedMain] o.s.j.e.a.AnnotationMBeanExporter        : Bean with name 'dataSource' has been autodetected for JMX exposure
2018-07-08 02:21:23.887  INFO 28372 --- [restartedMain] o.s.j.e.a.AnnotationMBeanExporter        : Located MBean 'dataSource': registering with JMX server as MBean [com.zaxxer.hikari:name=dataSource,type=HikariDataSource]
2018-07-08 02:21:23.940  INFO 28372 --- [restartedMain] o.s.b.w.embedded.tomcat.TomcatWebServer  : Tomcat started on port(s): 8080 (http) with context path ''
2018-07-08 02:21:23.948  INFO 28372 --- [restartedMain] c.s.t.TextmanagementApplication          : Started TextmanagementApplication in 4.709 seconds (JVM running for 9.36)
2018-07-08 02:21:47.938  INFO 28372 --- [http-nio-8080-exec-1] o.a.c.c.C.[Tomcat].[localhost].[/]       : Initializing Spring FrameworkServlet 'dispatcherServlet'
2018-07-08 02:21:47.939  INFO 28372 --- [http-nio-8080-exec-1] o.s.web.servlet.DispatcherServlet        : FrameworkServlet 'dispatcherServlet': initialization started
2018-07-08 02:21:47.947  INFO 28372 --- [http-nio-8080-exec-1] o.s.web.servlet.DispatcherServlet        : FrameworkServlet 'dispatcherServlet': initialization completed in 8 ms
2018-07-08 02:22:24.641  WARN 28372 --- [http-nio-8080-exec-2] o.a.c.util.SessionIdGeneratorBase        : Creation of SecureRandom instance for session ID generation using [SHA1PRNG] took [161] milliseconds.
2018-07-08 02:22:24.667  WARN 28372 --- [http-nio-8080-exec-2] .w.s.m.s.DefaultHandlerExceptionResolver : Failed to bind request element: org.springframework.web.method.annotation.MethodArgumentTypeMismatchException: Failed to convert value of type 'java.lang.String' to required type 'int'; nested exception is java.lang.NumberFormatException: For input string: "group2"
2018-07-08 02:22:24.667  WARN 28372 --- [http-nio-8080-exec-2] .w.s.m.s.DefaultHandlerExceptionResolver : Resolved exception caused by Handler execution: org.springframework.web.method.annotation.MethodArgumentTypeMismatchException: Failed to convert value of type 'java.lang.String' to required type 'int'; nested exception is java.lang.NumberFormatException: For input string: "group2"
2018-07-08 02:23:56.580  INFO 29368 --- [restartedMain] c.s.t.TextmanagementApplication          : Starting TextmanagementApplication on LAPTOP-LF6RUTI6 with PID 29368 (D:\IdeaProjects\TextManagement\target\classes started by 17140 in D:\IdeaProjects\TextManagement)
2018-07-08 02:23:56.582  INFO 29368 --- [restartedMain] c.s.t.TextmanagementApplication          : No active profile set, falling back to default profiles: default
2018-07-08 02:23:56.648  INFO 29368 --- [restartedMain] ConfigServletWebServerApplicationContext : Refreshing org.springframework.boot.web.servlet.context.AnnotationConfigServletWebServerApplicationContext@24ad3160: startup date [Sun Jul 08 02:23:56 GMT+08:00 2018]; root of context hierarchy
2018-07-08 02:23:59.056  INFO 29368 --- [restartedMain] o.s.b.w.embedded.tomcat.TomcatWebServer  : Tomcat initialized with port(s): 8080 (http)
2018-07-08 02:23:59.081  INFO 29368 --- [restartedMain] o.apache.catalina.core.StandardService   : Starting service [Tomcat]
2018-07-08 02:23:59.081  INFO 29368 --- [restartedMain] org.apache.catalina.core.StandardEngine  : Starting Servlet Engine: Apache Tomcat/8.5.31
2018-07-08 02:23:59.086  INFO 29368 --- [localhost-startStop-1] o.a.catalina.core.AprLifecycleListener   : The APR based Apache Tomcat Native library which allows optimal performance in production environments was not found on the java.library.path: [D:\Program Files\Java\jdk-10.0.1\bin;C:\Windows\Sun\Java\bin;C:\Windows\system32;C:\Windows;C:\Program Files (x86)\Common Files\Oracle\Java\javapath;D:\Users\17140\AppData\Local\Programs\Python\Python36-32\Scripts\;D:\Users\17140\AppData\Local\Programs\Python\Python36-32\;C:\Program Files (x86)\Intel\iCLS Client\;C:\ProgramData\Oracle\Java\javapath;C:\Program Files\Intel\iCLS Client\;C:\Windows\system32;C:\Windows;C:\Windows\System32\Wbem;C:\Windows\System32\WindowsPowerShell\v1.0\;C:\Program Files\Intel\WiFi\bin\;C:\Program Files\Common Files\Intel\WirelessCommon\;C:\Windows\System32\OpenSSH\;C:\Program Files (x86)\Intel\Intel(R) Management Engine Components\DAL;C:\Program Files\Intel\Intel(R) Management Engine Components\DAL;C:\Program Files (x86)\Intel\Intel(R) Management Engine Components\IPT;C:\Program Files\Intel\Intel(R) Management Engine Components\IPT;D:\Program Files\Git\cmd;C:\Users\17140\AppData\Local\Microsoft\WindowsApps;;.]
2018-07-08 02:23:59.505  INFO 29368 --- [localhost-startStop-1] o.a.c.c.C.[Tomcat].[localhost].[/]       : Initializing Spring embedded WebApplicationContext
2018-07-08 02:23:59.505  INFO 29368 --- [localhost-startStop-1] o.s.web.context.ContextLoader            : Root WebApplicationContext: initialization completed in 2857 ms
2018-07-08 02:23:59.618  INFO 29368 --- [localhost-startStop-1] o.s.b.w.servlet.ServletRegistrationBean  : Servlet dispatcherServlet mapped to [/]
2018-07-08 02:23:59.626  INFO 29368 --- [localhost-startStop-1] o.s.b.w.servlet.FilterRegistrationBean   : Mapping filter: 'characterEncodingFilter' to: [/*]
2018-07-08 02:23:59.626  INFO 29368 --- [localhost-startStop-1] o.s.b.w.servlet.FilterRegistrationBean   : Mapping filter: 'hiddenHttpMethodFilter' to: [/*]
2018-07-08 02:23:59.627  INFO 29368 --- [localhost-startStop-1] o.s.b.w.servlet.FilterRegistrationBean   : Mapping filter: 'httpPutFormContentFilter' to: [/*]
2018-07-08 02:23:59.627  INFO 29368 --- [localhost-startStop-1] o.s.b.w.servlet.FilterRegistrationBean   : Mapping filter: 'requestContextFilter' to: [/*]
2018-07-08 02:23:59.866  INFO 29368 --- [restartedMain] o.s.w.s.handler.SimpleUrlHandlerMapping  : Mapped URL path [/**/favicon.ico] onto handler of type [class org.springframework.web.servlet.resource.ResourceHttpRequestHandler]
2018-07-08 02:24:00.054  INFO 29368 --- [restartedMain] s.w.s.m.m.a.RequestMappingHandlerAdapter : Looking for @ControllerAdvice: org.springframework.boot.web.servlet.context.AnnotationConfigServletWebServerApplicationContext@24ad3160: startup date [Sun Jul 08 02:23:56 GMT+08:00 2018]; root of context hierarchy
2018-07-08 02:24:00.106  INFO 29368 --- [restartedMain] s.w.s.m.m.a.RequestMappingHandlerMapping : Mapped "{[/Admin]}" onto public java.lang.String com.slsnotfound.textmanagement.Controller.AdminController.index(org.springframework.ui.ModelMap,javax.servlet.http.HttpSession)
2018-07-08 02:24:00.109  INFO 29368 --- [restartedMain] s.w.s.m.m.a.RequestMappingHandlerMapping : Mapped "{[/user/InforMaintain],methods=[GET]}" onto public java.lang.String com.slsnotfound.textmanagement.Controller.InforMaintainController.login()
2018-07-08 02:24:00.111  INFO 29368 --- [restartedMain] s.w.s.m.m.a.RequestMappingHandlerMapping : Mapped "{[/user/Login],methods=[GET]}" onto public java.lang.String com.slsnotfound.textmanagement.Controller.LoginController.login()
2018-07-08 02:24:00.111  INFO 29368 --- [restartedMain] s.w.s.m.m.a.RequestMappingHandlerMapping : Mapped "{[/user/Login],methods=[POST]}" onto public java.lang.String com.slsnotfound.textmanagement.Controller.LoginController.loginAction(org.springframework.ui.ModelMap,javax.servlet.http.HttpSession,java.lang.String,java.lang.String)
2018-07-08 02:24:00.111  INFO 29368 --- [restartedMain] s.w.s.m.m.a.RequestMappingHandlerMapping : Mapped "{[/user/ProposalDatail],methods=[GET]}" onto public java.lang.String com.slsnotfound.textmanagement.Controller.ProposalDetail.login()
2018-07-08 02:24:00.113  INFO 29368 --- [restartedMain] s.w.s.m.m.a.RequestMappingHandlerMapping : Mapped "{[/user/ProposalPreparation],methods=[GET]}" onto public java.lang.String com.slsnotfound.textmanagement.Controller.ProposalPreparationController.login()
2018-07-08 02:24:00.114  INFO 29368 --- [restartedMain] s.w.s.m.m.a.RequestMappingHandlerMapping : Mapped "{[/user/ProposalQuary],methods=[GET]}" onto public java.lang.String com.slsnotfound.textmanagement.Controller.ProposalQuaryController.login()
2018-07-08 02:24:00.115  INFO 29368 --- [restartedMain] s.w.s.m.m.a.RequestMappingHandlerMapping : Mapped "{[/user/SignUp],methods=[GET]}" onto public java.lang.String com.slsnotfound.textmanagement.Controller.SignUpController.login()
2018-07-08 02:24:00.116  INFO 29368 --- [restartedMain] s.w.s.m.m.a.RequestMappingHandlerMapping : Mapped "{[/user/SignUp],methods=[POST]}" onto public java.lang.String com.slsnotfound.textmanagement.Controller.SignUpController.loginAction(org.springframework.ui.ModelMap,javax.servlet.http.HttpSession,java.lang.String,java.lang.String,java.lang.String,java.lang.String,java.lang.String,java.lang.String,java.lang.String,int,int)
2018-07-08 02:24:00.117  INFO 29368 --- [restartedMain] s.w.s.m.m.a.RequestMappingHandlerMapping : Mapped "{[/User]}" onto public java.lang.String com.slsnotfound.textmanagement.Controller.UserController.index(org.springframework.ui.ModelMap,javax.servlet.http.HttpSession)
2018-07-08 02:24:00.118  INFO 29368 --- [restartedMain] s.w.s.m.m.a.RequestMappingHandlerMapping : Mapped "{[/error]}" onto public org.springframework.http.ResponseEntity<java.util.Map<java.lang.String, java.lang.Object>> org.springframework.boot.autoconfigure.web.servlet.error.BasicErrorController.error(javax.servlet.http.HttpServletRequest)
2018-07-08 02:24:00.122  INFO 29368 --- [restartedMain] s.w.s.m.m.a.RequestMappingHandlerMapping : Mapped "{[/error],produces=[text/html]}" onto public org.springframework.web.servlet.ModelAndView org.springframework.boot.autoconfigure.web.servlet.error.BasicErrorController.errorHtml(javax.servlet.http.HttpServletRequest,javax.servlet.http.HttpServletResponse)
2018-07-08 02:24:00.150  INFO 29368 --- [restartedMain] o.s.w.s.handler.SimpleUrlHandlerMapping  : Mapped URL path [/webjars/**] onto handler of type [class org.springframework.web.servlet.resource.ResourceHttpRequestHandler]
2018-07-08 02:24:00.150  INFO 29368 --- [restartedMain] o.s.w.s.handler.SimpleUrlHandlerMapping  : Mapped URL path [/**] onto handler of type [class org.springframework.web.servlet.resource.ResourceHttpRequestHandler]
2018-07-08 02:24:00.453  INFO 29368 --- [restartedMain] o.s.b.d.a.OptionalLiveReloadServer       : LiveReload server is running on port 35729
2018-07-08 02:24:00.474  INFO 29368 --- [restartedMain] o.s.j.e.a.AnnotationMBeanExporter        : Registering beans for JMX exposure on startup
2018-07-08 02:24:00.474  INFO 29368 --- [restartedMain] o.s.j.e.a.AnnotationMBeanExporter        : Bean with name 'dataSource' has been autodetected for JMX exposure
2018-07-08 02:24:00.491  INFO 29368 --- [restartedMain] o.s.j.e.a.AnnotationMBeanExporter        : Located MBean 'dataSource': registering with JMX server as MBean [com.zaxxer.hikari:name=dataSource,type=HikariDataSource]
2018-07-08 02:24:00.521  INFO 29368 --- [restartedMain] o.s.b.w.embedded.tomcat.TomcatWebServer  : Tomcat started on port(s): 8080 (http) with context path ''
2018-07-08 02:24:00.527  INFO 29368 --- [restartedMain] c.s.t.TextmanagementApplication          : Started TextmanagementApplication in 4.609 seconds (JVM running for 5.928)
2018-07-08 02:24:08.948  INFO 29368 --- [http-nio-8080-exec-1] o.a.c.c.C.[Tomcat].[localhost].[/]       : Initializing Spring FrameworkServlet 'dispatcherServlet'
2018-07-08 02:24:08.949  INFO 29368 --- [http-nio-8080-exec-1] o.s.web.servlet.DispatcherServlet        : FrameworkServlet 'dispatcherServlet': initialization started
2018-07-08 02:24:08.968  INFO 29368 --- [http-nio-8080-exec-1] o.s.web.servlet.DispatcherServlet        : FrameworkServlet 'dispatcherServlet': initialization completed in 18 ms
2018-07-08 02:24:32.837  WARN 29368 --- [http-nio-8080-exec-2] o.a.c.util.SessionIdGeneratorBase        : Creation of SecureRandom instance for session ID generation using [SHA1PRNG] took [125] milliseconds.
2018-07-08 02:24:32.871  WARN 29368 --- [http-nio-8080-exec-2] .w.s.m.s.DefaultHandlerExceptionResolver : Failed to bind request element: org.springframework.web.method.annotation.MethodArgumentTypeMismatchException: Failed to convert value of type 'java.lang.String' to required type 'int'; nested exception is java.lang.NumberFormatException: For input string: "group1"
2018-07-08 02:24:32.871  WARN 29368 --- [http-nio-8080-exec-2] .w.s.m.s.DefaultHandlerExceptionResolver : Resolved exception caused by Handler execution: org.springframework.web.method.annotation.MethodArgumentTypeMismatchException: Failed to convert value of type 'java.lang.String' to required type 'int'; nested exception is java.lang.NumberFormatException: For input string: "group1"
2018-07-08 02:25:29.394  WARN 29368 --- [http-nio-8080-exec-4] .w.s.m.s.DefaultHandlerExceptionResolver : Failed to bind request element: org.springframework.web.method.annotation.MethodArgumentTypeMismatchException: Failed to convert value of type 'java.lang.String' to required type 'int'; nested exception is java.lang.NumberFormatException: For input string: "group3"
2018-07-08 02:25:29.395  WARN 29368 --- [http-nio-8080-exec-4] .w.s.m.s.DefaultHandlerExceptionResolver : Resolved exception caused by Handler execution: org.springframework.web.method.annotation.MethodArgumentTypeMismatchException: Failed to convert value of type 'java.lang.String' to required type 'int'; nested exception is java.lang.NumberFormatException: For input string: "group3"
2018-07-08 03:17:55.393  WARN 29368 --- [http-nio-8080-exec-9] .w.s.m.s.DefaultHandlerExceptionResolver : Failed to bind request element: org.springframework.web.method.annotation.MethodArgumentTypeMismatchException: Failed to convert value of type 'java.lang.String' to required type 'int'; nested exception is java.lang.NumberFormatException: For input string: "group3"
2018-07-08 03:17:55.405  WARN 29368 --- [http-nio-8080-exec-9] .w.s.m.s.DefaultHandlerExceptionResolver : Resolved exception caused by Handler execution: org.springframework.web.method.annotation.MethodArgumentTypeMismatchException: Failed to convert value of type 'java.lang.String' to required type 'int'; nested exception is java.lang.NumberFormatException: For input string: "group3"
2018-07-08 03:18:59.815  INFO 27156 --- [restartedMain] c.s.t.TextmanagementApplication          : Starting TextmanagementApplication on LAPTOP-LF6RUTI6 with PID 27156 (D:\IdeaProjects\TextManagement\target\classes started by 17140 in D:\IdeaProjects\TextManagement)
2018-07-08 03:18:59.816  INFO 27156 --- [restartedMain] c.s.t.TextmanagementApplication          : No active profile set, falling back to default profiles: default
2018-07-08 03:18:59.874  INFO 27156 --- [restartedMain] ConfigServletWebServerApplicationContext : Refreshing org.springframework.boot.web.servlet.context.AnnotationConfigServletWebServerApplicationContext@154e7a05: startup date [Sun Jul 08 03:18:59 GMT+08:00 2018]; root of context hierarchy
2018-07-08 03:19:01.676  INFO 27156 --- [restartedMain] o.s.b.w.embedded.tomcat.TomcatWebServer  : Tomcat initialized with port(s): 8080 (http)
2018-07-08 03:19:01.704  INFO 27156 --- [restartedMain] o.apache.catalina.core.StandardService   : Starting service [Tomcat]
2018-07-08 03:19:01.704  INFO 27156 --- [restartedMain] org.apache.catalina.core.StandardEngine  : Starting Servlet Engine: Apache Tomcat/8.5.31
2018-07-08 03:19:01.710  INFO 27156 --- [localhost-startStop-1] o.a.catalina.core.AprLifecycleListener   : The APR based Apache Tomcat Native library which allows optimal performance in production environments was not found on the java.library.path: [D:\Program Files\Java\jdk-10.0.1\bin;C:\Windows\Sun\Java\bin;C:\Windows\system32;C:\Windows;C:\Program Files (x86)\Common Files\Oracle\Java\javapath;D:\Users\17140\AppData\Local\Programs\Python\Python36-32\Scripts\;D:\Users\17140\AppData\Local\Programs\Python\Python36-32\;C:\Program Files (x86)\Intel\iCLS Client\;C:\ProgramData\Oracle\Java\javapath;C:\Program Files\Intel\iCLS Client\;C:\Windows\system32;C:\Windows;C:\Windows\System32\Wbem;C:\Windows\System32\WindowsPowerShell\v1.0\;C:\Program Files\Intel\WiFi\bin\;C:\Program Files\Common Files\Intel\WirelessCommon\;C:\Windows\System32\OpenSSH\;C:\Program Files (x86)\Intel\Intel(R) Management Engine Components\DAL;C:\Program Files\Intel\Intel(R) Management Engine Components\DAL;C:\Program Files (x86)\Intel\Intel(R) Management Engine Components\IPT;C:\Program Files\Intel\Intel(R) Management Engine Components\IPT;D:\Program Files\Git\cmd;C:\Users\17140\AppData\Local\Microsoft\WindowsApps;;.]
2018-07-08 03:19:01.844  INFO 27156 --- [localhost-startStop-1] o.a.c.c.C.[Tomcat].[localhost].[/]       : Initializing Spring embedded WebApplicationContext
2018-07-08 03:19:01.844  INFO 27156 --- [localhost-startStop-1] o.s.web.context.ContextLoader            : Root WebApplicationContext: initialization completed in 1970 ms
2018-07-08 03:19:01.989  INFO 27156 --- [localhost-startStop-1] o.s.b.w.servlet.ServletRegistrationBean  : Servlet dispatcherServlet mapped to [/]
2018-07-08 03:19:01.995  INFO 27156 --- [localhost-startStop-1] o.s.b.w.servlet.FilterRegistrationBean   : Mapping filter: 'characterEncodingFilter' to: [/*]
2018-07-08 03:19:01.995  INFO 27156 --- [localhost-startStop-1] o.s.b.w.servlet.FilterRegistrationBean   : Mapping filter: 'hiddenHttpMethodFilter' to: [/*]
2018-07-08 03:19:01.995  INFO 27156 --- [localhost-startStop-1] o.s.b.w.servlet.FilterRegistrationBean   : Mapping filter: 'httpPutFormContentFilter' to: [/*]
2018-07-08 03:19:01.995  INFO 27156 --- [localhost-startStop-1] o.s.b.w.servlet.FilterRegistrationBean   : Mapping filter: 'requestContextFilter' to: [/*]
2018-07-08 03:19:02.340  INFO 27156 --- [restartedMain] o.s.w.s.handler.SimpleUrlHandlerMapping  : Mapped URL path [/**/favicon.ico] onto handler of type [class org.springframework.web.servlet.resource.ResourceHttpRequestHandler]
2018-07-08 03:19:02.696  INFO 27156 --- [restartedMain] s.w.s.m.m.a.RequestMappingHandlerAdapter : Looking for @ControllerAdvice: org.springframework.boot.web.servlet.context.AnnotationConfigServletWebServerApplicationContext@154e7a05: startup date [Sun Jul 08 03:18:59 GMT+08:00 2018]; root of context hierarchy
2018-07-08 03:19:02.767  INFO 27156 --- [restartedMain] s.w.s.m.m.a.RequestMappingHandlerMapping : Mapped "{[/Admin]}" onto public java.lang.String com.slsnotfound.textmanagement.Controller.AdminController.index(org.springframework.ui.ModelMap,javax.servlet.http.HttpSession)
2018-07-08 03:19:02.767  INFO 27156 --- [restartedMain] s.w.s.m.m.a.RequestMappingHandlerMapping : Mapped "{[/user/InforMaintain],methods=[GET]}" onto public java.lang.String com.slsnotfound.textmanagement.Controller.InforMaintainController.login()
2018-07-08 03:19:02.767  INFO 27156 --- [restartedMain] s.w.s.m.m.a.RequestMappingHandlerMapping : Mapped "{[/user/Login],methods=[POST]}" onto public java.lang.String com.slsnotfound.textmanagement.Controller.LoginController.loginAction(org.springframework.ui.ModelMap,javax.servlet.http.HttpSession,java.lang.String,java.lang.String)
2018-07-08 03:19:02.767  INFO 27156 --- [restartedMain] s.w.s.m.m.a.RequestMappingHandlerMapping : Mapped "{[/user/Login],methods=[GET]}" onto public java.lang.String com.slsnotfound.textmanagement.Controller.LoginController.login()
2018-07-08 03:19:02.767  INFO 27156 --- [restartedMain] s.w.s.m.m.a.RequestMappingHandlerMapping : Mapped "{[/user/ProposalDatail],methods=[GET]}" onto public java.lang.String com.slsnotfound.textmanagement.Controller.ProposalDetail.login()
2018-07-08 03:19:02.767  INFO 27156 --- [restartedMain] s.w.s.m.m.a.RequestMappingHandlerMapping : Mapped "{[/user/ProposalPreparation],methods=[GET]}" onto public java.lang.String com.slsnotfound.textmanagement.Controller.ProposalPreparationController.login()
2018-07-08 03:19:02.778  INFO 27156 --- [restartedMain] s.w.s.m.m.a.RequestMappingHandlerMapping : Mapped "{[/user/ProposalQuary],methods=[GET]}" onto public java.lang.String com.slsnotfound.textmanagement.Controller.ProposalQuaryController.login()
2018-07-08 03:19:02.780  INFO 27156 --- [restartedMain] s.w.s.m.m.a.RequestMappingHandlerMapping : Mapped "{[/user/SignUp],methods=[POST]}" onto public java.lang.String com.slsnotfound.textmanagement.Controller.SignUpController.loginAction(org.springframework.ui.ModelMap,javax.servlet.http.HttpSession,java.lang.String,java.lang.String,java.lang.String,java.lang.String,java.lang.String,java.lang.String,java.lang.String,int,int)
2018-07-08 03:19:02.780  INFO 27156 --- [restartedMain] s.w.s.m.m.a.RequestMappingHandlerMapping : Mapped "{[/user/SignUp],methods=[GET]}" onto public java.lang.String com.slsnotfound.textmanagement.Controller.SignUpController.login()
2018-07-08 03:19:02.781  INFO 27156 --- [restartedMain] s.w.s.m.m.a.RequestMappingHandlerMapping : Mapped "{[/User]}" onto public java.lang.String com.slsnotfound.textmanagement.Controller.UserController.index(org.springframework.ui.ModelMap,javax.servlet.http.HttpSession)
2018-07-08 03:19:02.785  INFO 27156 --- [restartedMain] s.w.s.m.m.a.RequestMappingHandlerMapping : Mapped "{[/error]}" onto public org.springframework.http.ResponseEntity<java.util.Map<java.lang.String, java.lang.Object>> org.springframework.boot.autoconfigure.web.servlet.error.BasicErrorController.error(javax.servlet.http.HttpServletRequest)
2018-07-08 03:19:02.786  INFO 27156 --- [restartedMain] s.w.s.m.m.a.RequestMappingHandlerMapping : Mapped "{[/error],produces=[text/html]}" onto public org.springframework.web.servlet.ModelAndView org.springframework.boot.autoconfigure.web.servlet.error.BasicErrorController.errorHtml(javax.servlet.http.HttpServletRequest,javax.servlet.http.HttpServletResponse)
2018-07-08 03:19:02.810  INFO 27156 --- [restartedMain] o.s.w.s.handler.SimpleUrlHandlerMapping  : Mapped URL path [/webjars/**] onto handler of type [class org.springframework.web.servlet.resource.ResourceHttpRequestHandler]
2018-07-08 03:19:02.812  INFO 27156 --- [restartedMain] o.s.w.s.handler.SimpleUrlHandlerMapping  : Mapped URL path [/**] onto handler of type [class org.springframework.web.servlet.resource.ResourceHttpRequestHandler]
2018-07-08 03:19:03.155  INFO 27156 --- [restartedMain] o.s.b.d.a.OptionalLiveReloadServer       : LiveReload server is running on port 35729
2018-07-08 03:19:03.174  INFO 27156 --- [restartedMain] o.s.j.e.a.AnnotationMBeanExporter        : Registering beans for JMX exposure on startup
2018-07-08 03:19:03.183  INFO 27156 --- [restartedMain] o.s.j.e.a.AnnotationMBeanExporter        : Bean with name 'dataSource' has been autodetected for JMX exposure
2018-07-08 03:19:03.188  INFO 27156 --- [restartedMain] o.s.j.e.a.AnnotationMBeanExporter        : Located MBean 'dataSource': registering with JMX server as MBean [com.zaxxer.hikari:name=dataSource,type=HikariDataSource]
2018-07-08 03:19:03.230  INFO 27156 --- [restartedMain] o.s.b.w.embedded.tomcat.TomcatWebServer  : Tomcat started on port(s): 8080 (http) with context path ''
2018-07-08 03:19:03.237  INFO 27156 --- [restartedMain] c.s.t.TextmanagementApplication          : Started TextmanagementApplication in 4.169 seconds (JVM running for 6.182)
2018-07-08 03:19:09.670  INFO 27156 --- [http-nio-8080-exec-1] o.a.c.c.C.[Tomcat].[localhost].[/]       : Initializing Spring FrameworkServlet 'dispatcherServlet'
2018-07-08 03:19:09.671  INFO 27156 --- [http-nio-8080-exec-1] o.s.web.servlet.DispatcherServlet        : FrameworkServlet 'dispatcherServlet': initialization started
2018-07-08 03:19:09.692  INFO 27156 --- [http-nio-8080-exec-1] o.s.web.servlet.DispatcherServlet        : FrameworkServlet 'dispatcherServlet': initialization completed in 21 ms
2018-07-08 03:19:36.616  WARN 27156 --- [http-nio-8080-exec-2] o.a.c.util.SessionIdGeneratorBase        : Creation of SecureRandom instance for session ID generation using [SHA1PRNG] took [192] milliseconds.
2018-07-08 03:19:36.650  WARN 27156 --- [http-nio-8080-exec-2] .w.s.m.s.DefaultHandlerExceptionResolver : Failed to bind request element: org.springframework.web.method.annotation.MethodArgumentTypeMismatchException: Failed to convert value of type 'java.lang.String' to required type 'int'; nested exception is java.lang.NumberFormatException: For input string: "group3"
2018-07-08 03:19:36.650  WARN 27156 --- [http-nio-8080-exec-2] .w.s.m.s.DefaultHandlerExceptionResolver : Resolved exception caused by Handler execution: org.springframework.web.method.annotation.MethodArgumentTypeMismatchException: Failed to convert value of type 'java.lang.String' to required type 'int'; nested exception is java.lang.NumberFormatException: For input string: "group3"
2018-07-08 03:19:40.507  WARN 27156 --- [http-nio-8080-exec-4] .w.s.m.s.DefaultHandlerExceptionResolver : Failed to bind request element: org.springframework.web.method.annotation.MethodArgumentTypeMismatchException: Failed to convert value of type 'java.lang.String' to required type 'int'; nested exception is java.lang.NumberFormatException: For input string: "group3"
2018-07-08 03:19:40.508  WARN 27156 --- [http-nio-8080-exec-4] .w.s.m.s.DefaultHandlerExceptionResolver : Resolved exception caused by Handler execution: org.springframework.web.method.annotation.MethodArgumentTypeMismatchException: Failed to convert value of type 'java.lang.String' to required type 'int'; nested exception is java.lang.NumberFormatException: For input string: "group3"
2018-07-08 03:19:43.406  WARN 27156 --- [http-nio-8080-exec-5] .w.s.m.s.DefaultHandlerExceptionResolver : Failed to bind request element: org.springframework.web.method.annotation.MethodArgumentTypeMismatchException: Failed to convert value of type 'java.lang.String' to required type 'int'; nested exception is java.lang.NumberFormatException: For input string: "group3"
2018-07-08 03:19:43.406  WARN 27156 --- [http-nio-8080-exec-5] .w.s.m.s.DefaultHandlerExceptionResolver : Resolved exception caused by Handler execution: org.springframework.web.method.annotation.MethodArgumentTypeMismatchException: Failed to convert value of type 'java.lang.String' to required type 'int'; nested exception is java.lang.NumberFormatException: For input string: "group3"
2018-07-08 03:22:23.108  INFO 10732 --- [restartedMain] c.s.t.TextmanagementApplication          : Starting TextmanagementApplication on LAPTOP-LF6RUTI6 with PID 10732 (D:\IdeaProjects\TextManagement\target\classes started by 17140 in D:\IdeaProjects\TextManagement)
2018-07-08 03:22:23.108  INFO 10732 --- [restartedMain] c.s.t.TextmanagementApplication          : No active profile set, falling back to default profiles: default
2018-07-08 03:22:23.296  INFO 10732 --- [restartedMain] ConfigServletWebServerApplicationContext : Refreshing org.springframework.boot.web.servlet.context.AnnotationConfigServletWebServerApplicationContext@33cbca46: startup date [Sun Jul 08 03:22:23 GMT+08:00 2018]; root of context hierarchy
2018-07-08 03:22:25.712  INFO 10732 --- [restartedMain] o.s.b.w.embedded.tomcat.TomcatWebServer  : Tomcat initialized with port(s): 8080 (http)
2018-07-08 03:22:25.753  INFO 10732 --- [restartedMain] o.apache.catalina.core.StandardService   : Starting service [Tomcat]
2018-07-08 03:22:25.754  INFO 10732 --- [restartedMain] org.apache.catalina.core.StandardEngine  : Starting Servlet Engine: Apache Tomcat/8.5.31
2018-07-08 03:22:25.760  INFO 10732 --- [localhost-startStop-1] o.a.catalina.core.AprLifecycleListener   : The APR based Apache Tomcat Native library which allows optimal performance in production environments was not found on the java.library.path: [D:\Program Files\Java\jdk-10.0.1\bin;C:\Windows\Sun\Java\bin;C:\Windows\system32;C:\Windows;C:\Program Files (x86)\Common Files\Oracle\Java\javapath;D:\Users\17140\AppData\Local\Programs\Python\Python36-32\Scripts\;D:\Users\17140\AppData\Local\Programs\Python\Python36-32\;C:\Program Files (x86)\Intel\iCLS Client\;C:\ProgramData\Oracle\Java\javapath;C:\Program Files\Intel\iCLS Client\;C:\Windows\system32;C:\Windows;C:\Windows\System32\Wbem;C:\Windows\System32\WindowsPowerShell\v1.0\;C:\Program Files\Intel\WiFi\bin\;C:\Program Files\Common Files\Intel\WirelessCommon\;C:\Windows\System32\OpenSSH\;C:\Program Files (x86)\Intel\Intel(R) Management Engine Components\DAL;C:\Program Files\Intel\Intel(R) Management Engine Components\DAL;C:\Program Files (x86)\Intel\Intel(R) Management Engine Components\IPT;C:\Program Files\Intel\Intel(R) Management Engine Components\IPT;D:\Program Files\Git\cmd;C:\Users\17140\AppData\Local\Microsoft\WindowsApps;;.]
2018-07-08 03:22:25.990  INFO 10732 --- [localhost-startStop-1] o.a.c.c.C.[Tomcat].[localhost].[/]       : Initializing Spring embedded WebApplicationContext
2018-07-08 03:22:25.990  INFO 10732 --- [localhost-startStop-1] o.s.web.context.ContextLoader            : Root WebApplicationContext: initialization completed in 2695 ms
2018-07-08 03:22:26.284  INFO 10732 --- [localhost-startStop-1] o.s.b.w.servlet.ServletRegistrationBean  : Servlet dispatcherServlet mapped to [/]
2018-07-08 03:22:26.294  INFO 10732 --- [localhost-startStop-1] o.s.b.w.servlet.FilterRegistrationBean   : Mapping filter: 'characterEncodingFilter' to: [/*]
2018-07-08 03:22:26.295  INFO 10732 --- [localhost-startStop-1] o.s.b.w.servlet.FilterRegistrationBean   : Mapping filter: 'hiddenHttpMethodFilter' to: [/*]
2018-07-08 03:22:26.295  INFO 10732 --- [localhost-startStop-1] o.s.b.w.servlet.FilterRegistrationBean   : Mapping filter: 'httpPutFormContentFilter' to: [/*]
2018-07-08 03:22:26.295  INFO 10732 --- [localhost-startStop-1] o.s.b.w.servlet.FilterRegistrationBean   : Mapping filter: 'requestContextFilter' to: [/*]
2018-07-08 03:22:26.630  INFO 10732 --- [restartedMain] o.s.w.s.handler.SimpleUrlHandlerMapping  : Mapped URL path [/**/favicon.ico] onto handler of type [class org.springframework.web.servlet.resource.ResourceHttpRequestHandler]
2018-07-08 03:22:26.873  INFO 10732 --- [restartedMain] s.w.s.m.m.a.RequestMappingHandlerAdapter : Looking for @ControllerAdvice: org.springframework.boot.web.servlet.context.AnnotationConfigServletWebServerApplicationContext@33cbca46: startup date [Sun Jul 08 03:22:23 GMT+08:00 2018]; root of context hierarchy
2018-07-08 03:22:26.918  INFO 10732 --- [restartedMain] s.w.s.m.m.a.RequestMappingHandlerMapping : Mapped "{[/Admin]}" onto public java.lang.String com.slsnotfound.textmanagement.Controller.AdminController.index(org.springframework.ui.ModelMap,javax.servlet.http.HttpSession)
2018-07-08 03:22:26.921  INFO 10732 --- [restartedMain] s.w.s.m.m.a.RequestMappingHandlerMapping : Mapped "{[/user/InforMaintain],methods=[GET]}" onto public java.lang.String com.slsnotfound.textmanagement.Controller.InforMaintainController.login()
2018-07-08 03:22:26.922  INFO 10732 --- [restartedMain] s.w.s.m.m.a.RequestMappingHandlerMapping : Mapped "{[/user/Login],methods=[POST]}" onto public java.lang.String com.slsnotfound.textmanagement.Controller.LoginController.loginAction(org.springframework.ui.ModelMap,javax.servlet.http.HttpSession,java.lang.String,java.lang.String)
2018-07-08 03:22:26.922  INFO 10732 --- [restartedMain] s.w.s.m.m.a.RequestMappingHandlerMapping : Mapped "{[/user/Login],methods=[GET]}" onto public java.lang.String com.slsnotfound.textmanagement.Controller.LoginController.login()
2018-07-08 03:22:26.922  INFO 10732 --- [restartedMain] s.w.s.m.m.a.RequestMappingHandlerMapping : Mapped "{[/user/ProposalDatail],methods=[GET]}" onto public java.lang.String com.slsnotfound.textmanagement.Controller.ProposalDetail.login()
2018-07-08 03:22:26.924  INFO 10732 --- [restartedMain] s.w.s.m.m.a.RequestMappingHandlerMapping : Mapped "{[/user/ProposalPreparation],methods=[GET]}" onto public java.lang.String com.slsnotfound.textmanagement.Controller.ProposalPreparationController.login()
2018-07-08 03:22:26.925  INFO 10732 --- [restartedMain] s.w.s.m.m.a.RequestMappingHandlerMapping : Mapped "{[/user/ProposalQuary],methods=[GET]}" onto public java.lang.String com.slsnotfound.textmanagement.Controller.ProposalQuaryController.login()
2018-07-08 03:22:26.925  INFO 10732 --- [restartedMain] s.w.s.m.m.a.RequestMappingHandlerMapping : Mapped "{[/user/SignUp],methods=[POST]}" onto public java.lang.String com.slsnotfound.textmanagement.Controller.SignUpController.loginAction(org.springframework.ui.ModelMap,javax.servlet.http.HttpSession,java.lang.String,java.lang.String,java.lang.String,java.lang.String,java.lang.String,java.lang.String,java.lang.String,int,int)
2018-07-08 03:22:26.926  INFO 10732 --- [restartedMain] s.w.s.m.m.a.RequestMappingHandlerMapping : Mapped "{[/user/SignUp],methods=[GET]}" onto public java.lang.String com.slsnotfound.textmanagement.Controller.SignUpController.login()
2018-07-08 03:22:26.927  INFO 10732 --- [restartedMain] s.w.s.m.m.a.RequestMappingHandlerMapping : Mapped "{[/User]}" onto public java.lang.String com.slsnotfound.textmanagement.Controller.UserController.index(org.springframework.ui.ModelMap,javax.servlet.http.HttpSession)
2018-07-08 03:22:26.929  INFO 10732 --- [restartedMain] s.w.s.m.m.a.RequestMappingHandlerMapping : Mapped "{[/error]}" onto public org.springframework.http.ResponseEntity<java.util.Map<java.lang.String, java.lang.Object>> org.springframework.boot.autoconfigure.web.servlet.error.BasicErrorController.error(javax.servlet.http.HttpServletRequest)
2018-07-08 03:22:26.930  INFO 10732 --- [restartedMain] s.w.s.m.m.a.RequestMappingHandlerMapping : Mapped "{[/error],produces=[text/html]}" onto public org.springframework.web.servlet.ModelAndView org.springframework.boot.autoconfigure.web.servlet.error.BasicErrorController.errorHtml(javax.servlet.http.HttpServletRequest,javax.servlet.http.HttpServletResponse)
2018-07-08 03:22:26.956  INFO 10732 --- [restartedMain] o.s.w.s.handler.SimpleUrlHandlerMapping  : Mapped URL path [/webjars/**] onto handler of type [class org.springframework.web.servlet.resource.ResourceHttpRequestHandler]
2018-07-08 03:22:26.956  INFO 10732 --- [restartedMain] o.s.w.s.handler.SimpleUrlHandlerMapping  : Mapped URL path [/**] onto handler of type [class org.springframework.web.servlet.resource.ResourceHttpRequestHandler]
2018-07-08 03:22:27.252  INFO 10732 --- [restartedMain] o.s.b.d.a.OptionalLiveReloadServer       : LiveReload server is running on port 35729
2018-07-08 03:22:27.277  INFO 10732 --- [restartedMain] o.s.j.e.a.AnnotationMBeanExporter        : Registering beans for JMX exposure on startup
2018-07-08 03:22:27.277  INFO 10732 --- [restartedMain] o.s.j.e.a.AnnotationMBeanExporter        : Bean with name 'dataSource' has been autodetected for JMX exposure
2018-07-08 03:22:27.285  INFO 10732 --- [restartedMain] o.s.j.e.a.AnnotationMBeanExporter        : Located MBean 'dataSource': registering with JMX server as MBean [com.zaxxer.hikari:name=dataSource,type=HikariDataSource]
2018-07-08 03:22:27.339  INFO 10732 --- [restartedMain] o.s.b.w.embedded.tomcat.TomcatWebServer  : Tomcat started on port(s): 8080 (http) with context path ''
2018-07-08 03:22:27.348  INFO 10732 --- [restartedMain] c.s.t.TextmanagementApplication          : Started TextmanagementApplication in 5.065 seconds (JVM running for 7.467)
2018-07-08 03:22:27.797  INFO 10732 --- [http-nio-8080-exec-1] o.a.c.c.C.[Tomcat].[localhost].[/]       : Initializing Spring FrameworkServlet 'dispatcherServlet'
2018-07-08 03:22:27.797  INFO 10732 --- [http-nio-8080-exec-1] o.s.web.servlet.DispatcherServlet        : FrameworkServlet 'dispatcherServlet': initialization started
2018-07-08 03:22:27.831  INFO 10732 --- [http-nio-8080-exec-1] o.s.web.servlet.DispatcherServlet        : FrameworkServlet 'dispatcherServlet': initialization completed in 34 ms
2018-07-08 03:22:55.026  WARN 10732 --- [http-nio-8080-exec-4] o.a.c.util.SessionIdGeneratorBase        : Creation of SecureRandom instance for session ID generation using [SHA1PRNG] took [198] milliseconds.
2018-07-08 03:22:55.045  WARN 10732 --- [http-nio-8080-exec-4] .w.s.m.s.DefaultHandlerExceptionResolver : Failed to bind request element: org.springframework.web.method.annotation.MethodArgumentTypeMismatchException: Failed to convert value of type 'java.lang.String' to required type 'int'; nested exception is java.lang.NumberFormatException: For input string: "group3"
2018-07-08 03:22:55.045  WARN 10732 --- [http-nio-8080-exec-4] .w.s.m.s.DefaultHandlerExceptionResolver : Resolved exception caused by Handler execution: org.springframework.web.method.annotation.MethodArgumentTypeMismatchException: Failed to convert value of type 'java.lang.String' to required type 'int'; nested exception is java.lang.NumberFormatException: For input string: "group3"
